#
# There is insufficient memory for the Java Runtime Environment to continue.
# Native memory allocation (malloc) failed to allocate 32744 bytes for ChunkPool::allocate
# Possible reasons:
#   The system is out of physical RAM or swap space
#   In 32 bit mode, the process size limit was hit
# Possible solutions:
#   Reduce memory load on the system
#   Increase physical memory or swap space
#   Check if swap backing store is full
#   Use 64 bit Java on a 64 bit OS
#   Decrease Java heap size (-Xmx/-Xms)
#   Decrease number of Java threads
#   Decrease Java thread stack sizes (-Xss)
#   Set larger code cache with -XX:ReservedCodeCacheSize=
# This output file may be truncated or incomplete.
#
#  Out of Memory Error (allocation.cpp:273), pid=19944, tid=5104
#
# JRE version: Java(TM) SE Runtime Environment (8.0_65-b17) (build 1.8.0_65-b17)
# Java VM: Java HotSpot(TM) 64-Bit Server VM (25.65-b01 mixed mode windows-amd64 compressed oops)
# Failed to write core dump. Minidumps are not enabled by default on client versions of Windows
#

---------------  T H R E A D  ---------------

Current thread (0x000000001925d800):  JavaThread "C1 CompilerThread3" daemon [_thread_in_native, id=5104, stack(0x0000000019b20000,0x0000000019c20000)]

Stack: [0x0000000019b20000,0x0000000019c20000]
[error occurred during error reporting (printing stack bounds), id 0xc0000005]

Native frames: (J=compiled Java code, j=interpreted, Vv=VM code, C=native code)


Current CompileTask:
C1:    503  158       3       jdk.internal.org.objectweb.asm.Frame::execute (2252 bytes)


---------------  P R O C E S S  ---------------

Java Threads: ( => current thread )
  0x0000000019262000 JavaThread "Service Thread" daemon [_thread_blocked, id=21132, stack(0x0000000019c20000,0x0000000019d20000)]
=>0x000000001925d800 JavaThread "C1 CompilerThread3" daemon [_thread_in_native, id=5104, stack(0x0000000019b20000,0x0000000019c20000)]
  0x0000000019255800 JavaThread "C2 CompilerThread2" daemon [_thread_blocked, id=7644, stack(0x0000000019a20000,0x0000000019b20000)]
  0x000000001924d800 JavaThread "C2 CompilerThread1" daemon [_thread_in_native, id=17452, stack(0x0000000019920000,0x0000000019a20000)]
  0x0000000019249800 JavaThread "C2 CompilerThread0" daemon [_thread_blocked, id=16200, stack(0x0000000019820000,0x0000000019920000)]
  0x0000000019248000 JavaThread "Attach Listener" daemon [_thread_blocked, id=21024, stack(0x0000000019720000,0x0000000019820000)]
  0x0000000019247000 JavaThread "Signal Dispatcher" daemon [_thread_blocked, id=13032, stack(0x0000000019620000,0x0000000019720000)]
  0x0000000002179800 JavaThread "Finalizer" daemon [_thread_blocked, id=15936, stack(0x0000000019020000,0x0000000019120000)]
  0x000000001713d800 JavaThread "Reference Handler" daemon [_thread_blocked, id=17988, stack(0x0000000018f20000,0x0000000019020000)]
  0x000000000203d800 JavaThread "main" [_thread_in_native, id=19608, stack(0x0000000001ec0000,0x0000000001fc0000)]

Other Threads:
  0x0000000017138800 VMThread [stack: 0x0000000018e20000,0x0000000018f20000] [id=16056]
  0x0000000019303000 WatcherThread [stack: 0x0000000019d20000,0x0000000019e20000] [id=9024]

VM state:not at safepoint (normal execution)

VM Mutex/Monitor currently owned by a thread: None

Heap:
 PSYoungGen      total 38400K, used 4659K [0x00000000d5c00000, 0x00000000d8680000, 0x0000000100000000)
  eden space 33280K, 14% used [0x00000000d5c00000,0x00000000d608ce80,0x00000000d7c80000)
  from space 5120K, 0% used [0x00000000d8180000,0x00000000d8180000,0x00000000d8680000)
  to   space 5120K, 0% used [0x00000000d7c80000,0x00000000d7c80000,0x00000000d8180000)
 ParOldGen       total 87552K, used 0K [0x0000000081400000, 0x0000000086980000, 0x00000000d5c00000)
  object space 87552K, 0% used [0x0000000081400000,0x0000000081400000,0x0000000086980000)
 Metaspace       used 3965K, capacity 5008K, committed 5248K, reserved 1056768K
  class space    used 470K, capacity 551K, committed 640K, reserved 1048576K

Card table byte_map: [0x0000000011540000,0x0000000011940000] byte_map_base: 0x0000000011136000

Marking Bits: (ParMarkBitMap*) 0x000000005e80a5b0
 Begin Bits: [0x00000000123f0000, 0x00000000143a0000)
 End Bits:   [0x00000000143a0000, 0x0000000016350000)

Polling page: 0x0000000000400000

CodeCache: size=245760Kb used=1325Kb max_used=1330Kb free=244434Kb
 bounds [0x0000000002180000, 0x00000000023f0000, 0x0000000011180000]
 total_blobs=436 nmethods=173 adapters=176
 compilation: enabled

Compilation events (10 events):
Event: 0.382 Thread 0x000000001925d800  150       3       java.lang.invoke.MethodType::checkPtype (19 bytes)
Event: 0.382 Thread 0x000000001925d800 nmethod 150 0x00000000022c3690 code [0x00000000022c3820, 0x00000000022c3bf8]
Event: 0.382 Thread 0x000000001925d800  153       3       java.lang.invoke.MemberName::isConstructor (7 bytes)
Event: 0.382 Thread 0x000000001925d800 nmethod 153 0x00000000022c3d90 code [0x00000000022c3f00, 0x00000000022c4170]
Event: 0.383 Thread 0x000000001925d800  154       3       java.lang.invoke.InvokerBytecodeGenerator::isStaticallyNameable (116 bytes)
Event: 0.383 Thread 0x0000000019255800  159       4       java.lang.String::indexOf (70 bytes)
Event: 0.385 Thread 0x000000001925d800 nmethod 154 0x00000000022c49d0 code [0x00000000022c4d40, 0x00000000022c6e18]
Event: 0.385 Thread 0x000000001925d800  158       3       jdk.internal.org.objectweb.asm.Frame::execute (2252 bytes)
Event: 0.386 Thread 0x0000000019255800 nmethod 159 0x00000000022cae90 code [0x00000000022cafe0, 0x00000000022cb198]
Event: 0.388 Thread 0x000000001924d800  172       4       jdk.internal.org.objectweb.asm.ByteVector::putUTF8 (142 bytes)

GC Heap History (0 events):
No events

Deoptimization events (0 events):
No events

Internal exceptions (9 events):
Event: 0.260 Thread 0x000000000203d800 Exception <a 'java/lang/NoSuchMethodError': Method sun.misc.Unsafe.defineClass(Ljava/lang/String;[BII)Ljava/lang/Class; name or signature does not match> (0x00000000d5c0dfe8) thrown at [C:\workspace\8-2-build-windows-amd64-cygwin\jdk8u65\4987\hotspot\src\sŠf Ð?
Event: 0.260 Thread 0x000000000203d800 Exception <a 'java/lang/NoSuchMethodError': Method sun.misc.Unsafe.prefetchRead(Ljava/lang/Object;J)V name or signature does not match> (0x00000000d5c0e2d0) thrown at [C:\workspace\8-2-build-windows-amd64-cygwin\jdk8u65\4987\hotspot\src\share\vm\prims\jni.¥ÖûMŸ¿Ø?
Event: 0.387 Thread 0x000000000203d800 Exception <a 'java/lang/NoSuchFieldError': method resolution failed> (0x00000000d5ec6d30) thrown at [C:\workspace\8-2-build-windows-amd64-cygwin\jdk8u65\4987\hotspot\src\share\vm\prims\methodHandles.cpp, line 1146]
Event: 0.389 Thread 0x000000000203d800 Exception <a 'java/lang/NoSuchFieldError': method resolution failed> (0x00000000d5ed40b0) thrown at [C:\workspace\8-2-build-windows-amd64-cygwin\jdk8u65\4987\hotspot\src\share\vm\prims\methodHandles.cpp, line 1146]
Event: 0.412 Thread 0x000000000203d800 Exception <a 'java/security/PrivilegedActionException'> (0x00000000d5f5e7b8) thrown at [C:\workspace\8-2-build-windows-amd64-cygwin\jdk8u65\4987\hotspot\src\share\vm\prims\jvm.cpp, line 1386]
Event: 0.412 Thread 0x000000000203d800 Exception <a 'java/security/PrivilegedActionException'> (0x00000000d5f5e9c8) thrown at [C:\workspace\8-2-build-windows-amd64-cygwin\jdk8u65\4987\hotspot\src\share\vm\prims\jvm.cpp, line 1386]
Event: 0.413 Thread 0x000000000203d800 Exception <a 'java/security/PrivilegedActionException'> (0x00000000d5f62570) thrown at [C:\workspace\8-2-build-windows-amd64-cygwin\jdk8u65\4987\hotspot\src\share\vm\prims\jvm.cpp, line 1386]
Event: 0.413 Thread 0x000000000203d800 Exception <a 'java/security/PrivilegedActionException'> (0x00000000d5f62780) thrown at [C:\workspace\8-2-build-windows-amd64-cygwin\jdk8u65\4987\hotspot\src\share\vm\prims\jvm.cpp, line 1386]
Event: 0.413 Thread 0x000000000203d800 Exception <a 'java/lang/NullPointerException'> (0x00000000d5f62d58) thrown at [C:\workspace\8-2-build-windows-amd64-cygwin\jdk8u65\4987\hotspot\src\share\vm\interpreter\linkResolver.cpp, line 1178]

Events (10 events):
Event: 0.420 loading class java/util/concurrent/locks/ReentrantLock$NonfairSync
Event: 0.420 loading class java/util/concurrent/locks/ReentrantLock$Sync
Event: 0.420 loading class java/util/concurrent/locks/ReentrantLock$Sync done
Event: 0.420 loading class java/util/concurrent/locks/ReentrantLock$NonfairSync done
Event: 0.420 loading class javafx/beans/binding/ObjectExpression
Event: 0.420 loading class javafx/beans/binding/ObjectExpression done
Event: 0.421 loading class javafx/beans/value/ObservableObjectValue
Event: 0.421 loading class javafx/beans/value/ObservableObjectValue done
Event: 0.421 loading class javafx/beans/binding/BooleanExpression$3
Event: 0.421 loading class javafx/beans/binding/BooleanExpression$3 done


Dynamic libraries:
0x00007ff763420000 - 0x00007ff763457000 	C:\Program Files\Java\jre1.8.0_65\bin\javaw.exe
0x00007ffdd5470000 - 0x00007ffdd5631000 	C:\WINDOWS\SYSTEM32\ntdll.dll
0x00007ffdd2de0000 - 0x00007ffdd2e8d000 	C:\WINDOWS\system32\KERNEL32.DLL
0x00007ffdd1b50000 - 0x00007ffdd1d38000 	C:\WINDOWS\system32\KERNELBASE.dll
0x00007ffdd52f0000 - 0x00007ffdd5397000 	C:\WINDOWS\system32\ADVAPI32.dll
0x00007ffdd2870000 - 0x00007ffdd290d000 	C:\WINDOWS\system32\msvcrt.dll
0x00007ffdd2910000 - 0x00007ffdd296b000 	C:\WINDOWS\system32\sechost.dll
0x00007ffdd48c0000 - 0x00007ffdd49dc000 	C:\WINDOWS\system32\RPCRT4.dll
0x00007ffdd3190000 - 0x00007ffdd32e6000 	C:\WINDOWS\system32\USER32.dll
0x00007ffdd2970000 - 0x00007ffdd2af6000 	C:\WINDOWS\system32\GDI32.dll
0x00007ffdc2380000 - 0x00007ffdc25f4000 	C:\WINDOWS\WinSxS\amd64_microsoft.windows.common-controls_6595b64144ccf1df_6.0.10586.0_none_8c15ae12515e1c22\COMCTL32.dll
0x00007ffdd2b00000 - 0x00007ffdd2d7d000 	C:\WINDOWS\system32\combase.dll
0x00007ffdd1d40000 - 0x00007ffdd1daa000 	C:\WINDOWS\system32\bcryptPrimitives.dll
0x00007ffdd49f0000 - 0x00007ffdd4a2b000 	C:\WINDOWS\system32\IMM32.DLL
0x000000005ef40000 - 0x000000005f012000 	C:\Program Files\Java\jre1.8.0_65\bin\msvcr100.dll
0x000000005e000000 - 0x000000005e889000 	C:\Program Files\Java\jre1.8.0_65\bin\server\jvm.dll
0x00007ffdd49e0000 - 0x00007ffdd49e8000 	C:\WINDOWS\system32\PSAPI.DLL
0x00007ffdc7950000 - 0x00007ffdc7959000 	C:\WINDOWS\SYSTEM32\WSOCK32.dll
0x00007ffdd5090000 - 0x00007ffdd50fb000 	C:\WINDOWS\system32\WS2_32.dll
0x00007ffdcfa70000 - 0x00007ffdcfa93000 	C:\WINDOWS\SYSTEM32\WINMM.dll
0x00007ffdc7940000 - 0x00007ffdc794a000 	C:\WINDOWS\SYSTEM32\VERSION.dll
0x00007ffdcfa00000 - 0x00007ffdcfa2c000 	C:\WINDOWS\SYSTEM32\WINMMBASE.dll
0x00007ffdd1b00000 - 0x00007ffdd1b43000 	C:\WINDOWS\system32\cfgmgr32.dll
0x000000005ef30000 - 0x000000005ef3f000 	C:\Program Files\Java\jre1.8.0_65\bin\verify.dll
0x000000005ef00000 - 0x000000005ef29000 	C:\Program Files\Java\jre1.8.0_65\bin\java.dll
0x000000005eee0000 - 0x000000005eef6000 	C:\Program Files\Java\jre1.8.0_65\bin\zip.dll
0x00007ffdd32f0000 - 0x00007ffdd484c000 	C:\WINDOWS\system32\SHELL32.dll
0x00007ffdd2200000 - 0x00007ffdd2845000 	C:\WINDOWS\system32\windows.storage.dll
0x00007ffdd5220000 - 0x00007ffdd5272000 	C:\WINDOWS\system32\shlwapi.dll
0x00007ffdd1a90000 - 0x00007ffdd1a9f000 	C:\WINDOWS\system32\kernel.appcore.dll
0x00007ffdd1db0000 - 0x00007ffdd1e65000 	C:\WINDOWS\system32\shcore.dll
0x00007ffdd1aa0000 - 0x00007ffdd1aeb000 	C:\WINDOWS\system32\powrprof.dll
0x00007ffdd1a70000 - 0x00007ffdd1a84000 	C:\WINDOWS\system32\profapi.dll
0x00007ffdbf530000 - 0x00007ffdbf61f000 	C:\Program Files\Java\jre1.8.0_65\bin\msvcr120.dll
0x00007ffdbf320000 - 0x00007ffdbf3c6000 	C:\Program Files\Java\jre1.8.0_65\bin\msvcp120.dll

VM Arguments:
jvm_args: -Dfile.encoding=Cp1252 
java_command: br.com.ceunsp.projeto1.visao.ListagemRevistaMain
java_class_path (initial): C:\Users\Paulo\eclipse fx\eclipse\workspace\projeto-clube-da-leitura\Projeto1-clubeDaLeitura\target\classes;C:\Users\Paulo\eclipse fx\eclipse\plugins\org.eclipse.fx.ide.css.jfx8_2.1.0.201508240705.jar;C:\Users\Paulo\.m2\repository\mysql\mysql-connector-java\5.1.36\mysql-connector-java-5.1.36.jar;C:\Users\Paulo\.m2\repository\org\hibernate\hibernate-core\4.3.11.Final\hibernate-core-4.3.11.Final.jar;C:\Users\Paulo\.m2\repository\org\jboss\logging\jboss-logging\3.1.3.GA\jboss-logging-3.1.3.GA.jar;C:\Users\Paulo\.m2\repository\org\jboss\logging\jboss-logging-annotations\1.2.0.Beta1\jboss-logging-annotations-1.2.0.Beta1.jar;C:\Users\Paulo\.m2\repository\org\jboss\spec\javax\transaction\jboss-transaction-api_1.2_spec\1.0.0.Final\jboss-transaction-api_1.2_spec-1.0.0.Final.jar;C:\Users\Paulo\.m2\repository\dom4j\dom4j\1.6.1\dom4j-1.6.1.jar;C:\Users\Paulo\.m2\repository\xml-apis\xml-apis\1.0.b2\xml-apis-1.0.b2.jar;C:\Users\Paulo\.m2\repository\org\hibernate\common\hibernate-commons-annotations\4.0.5.Final\hibernate-commons-annotations-4.0.5.Final.jar;C:\Users\Paulo\.m2\repository\org\hibernate\javax\persistence\hibernate-jpa-2.1-api\1.0.0.Final\hibernate-jpa-2.1-api-1.0.0.Final.jar;C:\Users\Paulo\.m2\repository\org\javassist\javassist\3.18.1-GA\javassist-3.18.1-GA.jar;C:\Users\Paulo\.m2\repository\antlr\antlr\2.7.7\antlr-2.7.7.jar;C:\Users\Paulo\.m2\repository\org\jboss\jandex\1.1.0.Final\jandex-1.1.0.Final.jar;C:\Users\Paulo\.m2\repository\junit\junit\4.12\junit-4.12.jar;C:\Users\Paulo\.m2\repository\org\hamcrest\hamcrest-core\1.3\hamcrest-core-1.3.jar
Launcher Type: SUN_STANDARD

Environment Variables:
PATH=C:\ProgramData\Oracle\Java\javapath;C:\Program Files\Common Files\Microsoft Shared\Windows Live;C:\Program Files (x86)\Common Files\Microsoft Shared\Windows Live;C:\WINDOWS\system32;C:\WINDOWS;C:\WINDOWS\System32\Wbem;C:\WINDOWS\System32\WindowsPowerShell\v1.0\;C:\Program Files (x86)\Windows Live\Shared;C:\WINDOWS\system32\config\systemprofile\.dnx\bin;C:\Program Files\Microsoft DNX\Dnvm\;C:\Program Files\Microsoft SQL Server\120\Tools\Binn\;C:\Program Files (x86)\Windows Kits\10\Windows Performance Toolkit\;C:\Program Files (x86)\Skype\Phone\;C:\Program Files\Git\cmd;
USERNAME=Paulo
OS=Windows_NT
PROCESSOR_IDENTIFIER=Intel64 Family 6 Model 42 Stepping 7, GenuineIntel



---------------  S Y S T E M  ---------------

OS: Windows 10.0 , 64 bit Build 10586 (10.0.10586.0)

CPU:total 8 (4 cores per cpu, 2 threads per core) family 6 model 42 stepping 7, cmov, cx8, fxsr, mmx, sse, sse2, sse3, ssse3, sse4.1, sse4.2, popcnt, avx, aes, clmul, ht, tsc, tscinvbit

Memory: 4k page, physical 8300528k(853452k free), swap 33466352k(3584k free)

vm_info: Java HotSpot(TM) 64-Bit Server VM (25.65-b01) for windows-amd64 JRE (1.8.0_65-b17), built on Oct  6 2015 16:39:20 by "java_re" with MS VC++ 10.0 (VS2010)

time: Fri May 27 18:20:30 2016
elapsed time: 0 seconds (0d 0h 0m 0s)

